22.06.2017 06:55:39 sql=[select * from dmsanpham] 
22.06.2017 06:57:00 sql=[select * from dmsanpham] 
22.06.2017 06:57:02 sql=[select * from dmsanpham] 
22.06.2017 06:58:13 sql=[select * from dmsanpham] 
22.06.2017 06:58:53 <!-- sql=[INSERT INTO sanpham (id_dm,ten_sp,gia_sp,anh_sp,khuyen_mai,tinh_trang,trang_thai,chi_tiet_sp)  VALUES (	'0', 	'vuighe.net', 	'1000000',  'chopper.jpg', 	'20%' ,	'con hang', 	'', 	'kha la ha' )] --> 
22.06.2017 07:02:53 <!-- sql=[INSERT INTO sanpham (id_dm,ten_sp,gia_sp,anh_sp,khuyen_mai,tinh_trang,trang_thai,chi_tiet_sp)  VALUES (	'0', 	'vuighe.net', 	'1000000',  'chopper.jpg', 	'20%' ,	'con hang', 	'', 	'kha la ha' )] --> 
22.06.2017 07:03:22 <!-- sql=[INSERT INTO sanpham (id_dm,ten_sp,gia_sp,anh_sp,khuyen_mai,tinh_trang,trang_thai,chi_tiet_sp)  VALUES (	'0', 	'vuighe.net', 	'1000000',  'chopper.jpg', 	'20%' ,	'con hang', 	'', 	'kha la ha' )] --> 
22.06.2017 07:03:48 <!-- sql=[INSERT INTO sanpham (id_dm,ten_sp,gia_sp,anh_sp,khuyen_mai,tinh_trang,trang_thai,chi_tiet_sp)  VALUES (	'0', 	'vuighe.net', 	'1000000',  'chopper.jpg', 	'20%' ,	'con hang', 	'', 	'kha la ha' )] --> 
22.06.2017 07:05:01 <!-- sql=[INSERT INTO sanpham (id_dm,ten_sp,gia_sp,anh_sp,khuyen_mai,tinh_trang,trang_thai,chi_tiet_sp)  VALUES (	'0', 	'vuighe.net', 	'1000000',  'chopper.jpg', 	'20%' ,	'con hang', 	'', 	'kha la ha' )] --> 
22.06.2017 07:05:01 sql=[SELECT * FROM sanpham  INNER JOIN dmsanpham ON sanpham.id_dm=dmsanpham.id_dm ORDER BY id_sp DESC
      LIMIT 0, 10] 
22.06.2017 07:05:01 sql=[SELECT * FROM sanpham] 
22.06.2017 07:05:54 sql=[select * from dmsanpham] 
22.06.2017 07:05:57 <!-- sql=[INSERT INTO sanpham (id_dm,ten_sp,gia_sp,anh_sp,khuyen_mai,tinh_trang,trang_thai,chi_tiet_sp)  VALUES (	'0', 	'', 	'0',  '', 	'' ,	'', 	'', 	'' )] --> 
22.06.2017 07:06:17 sql=[select * from dmsanpham] 
22.06.2017 07:06:39 <!-- sql=[INSERT INTO sanpham (id_dm,ten_sp,gia_sp,anh_sp,khuyen_mai,tinh_trang,trang_thai,chi_tiet_sp)  VALUES (	'0', 	'vuighe.net', 	'100000',  'chopper.jpg', 	'20%' ,	'con hang', 	'', 	'
asd' )] --> 
22.06.2017 07:06:39 sql=[SELECT * FROM sanpham  INNER JOIN dmsanpham ON sanpham.id_dm=dmsanpham.id_dm ORDER BY id_sp DESC
      LIMIT 0, 10] 
22.06.2017 07:06:39 sql=[SELECT * FROM sanpham] 
24.06.2017 09:17:08 sql=[select * from dmsanpham] 
24.06.2017 09:18:00 <!-- sql=[INSERT INTO sanpham (id_dm,ten_sp,gia_sp,anh_sp,khuyen_mai,tinh_trang,trang_thai,chi_tiet_sp)  VALUES (	'0', 	'tranphuc1', 	'100000',  'chopper.jpg', 	'20%' ,	'còn hàng', 	'', 	'133133' )] --> 
24.06.2017 09:18:00 sql=[SELECT * FROM sanpham  INNER JOIN dmsanpham ON sanpham.id_dm=dmsanpham.id_dm ORDER BY id_sp DESC
      LIMIT 0, 10] 
24.06.2017 09:18:00 sql=[SELECT * FROM sanpham] 
24.06.2017 09:19:07 sql=[SELECT * FROM sanpham  INNER JOIN dmsanpham ON sanpham.id_dm=dmsanpham.id_dm ORDER BY id_sp DESC
      LIMIT 0, 10] 
24.06.2017 09:19:07 sql=[SELECT * FROM sanpham] 
24.06.2017 09:20:11 sql=[SELECT * FROM sanpham  INNER JOIN dmsanpham ON sanpham.id_dm=dmsanpham.id_dm ORDER BY id_sp DESC
      LIMIT 0, 10] 
24.06.2017 09:20:11 sql=[SELECT * FROM sanpham] 
25.06.2017 04:01:48 sql=[select * from dmsanpham] 
25.06.2017 04:47:15 sql=[ select * from user ] 
25.06.2017 04:47:52 sql=[ select * from user ] 
25.06.2017 04:50:30 sql=[ select * from user ] 
25.06.2017 04:50:45 sql=[ select * from user ] 
25.06.2017 04:50:46 sql=[ select * from user ] 
25.06.2017 04:50:54 sql=[ select * from user ] 
25.06.2017 04:52:24 sql=[ select * from user ] 
25.06.2017 04:52:28 sql=[ select * from user ] 
25.06.2017 04:54:24 sql=[ select * from user ] 
25.06.2017 05:00:51 sql=[ select * from user ] 
25.06.2017 05:01:44 sql=[ select * from user ] 
25.06.2017 05:01:46 sql=[ select * from user ] 
25.06.2017 05:01:47 sql=[ select * from user ] 
25.06.2017 05:01:47 sql=[ select * from user ] 
25.06.2017 05:01:48 sql=[ select * from user ] 
25.06.2017 05:01:49 sql=[ select * from user ] 
25.06.2017 05:01:53 sql=[ select * from user ] 
25.06.2017 05:01:55 sql=[ select * from user ] 
25.06.2017 05:04:13 sql=[ select * from user ] 
25.06.2017 05:04:14 sql=[ select * from user ] 
25.06.2017 05:28:10 sql=[ select * from user ] 
25.06.2017 05:28:11 sql=[ select * from user ] 
25.06.2017 05:28:50 sql=[ select * from user ] 
25.06.2017 05:28:51 sql=[ select * from user ] 
25.06.2017 05:29:56 sql=[ select * from user ] 
25.06.2017 05:36:30 sql=[ select * from user ] 
25.06.2017 05:36:31 sql=[ select * from user ] 
25.06.2017 05:36:32 sql=[ select * from user ] 
25.06.2017 05:36:33 sql=[ select * from user ] 
25.06.2017 05:36:34 sql=[ select * from user ] 
25.06.2017 05:37:05 sql=[ select * from user ] 
25.06.2017 05:37:05 sql=[ select * from user ] 
25.06.2017 05:37:07 sql=[ select * from user ] 
25.06.2017 05:37:23 sql=[ select * from user ] 
25.06.2017 05:37:27 sql=[ select * from user ] 
25.06.2017 05:39:50 sql=[ select * from dmsanpham] 
25.06.2017 05:40:18 sql=[ select * from dmsanpham] 
25.06.2017 05:40:20 sql=[ select * from dmsanpham] 
25.06.2017 05:40:20 sql=[ select * from dmsanpham] 
25.06.2017 05:40:39 sql=[ select * from dmsanpham] 
25.06.2017 05:40:46 sql=[ select * from dmsanpham] 
25.06.2017 05:40:47 sql=[ select * from dmsanpham] 
25.06.2017 05:40:48 sql=[ select * from dmsanpham] 
25.06.2017 05:40:49 sql=[ select * from dmsanpham] 
25.06.2017 05:40:50 sql=[ select * from user ] 
25.06.2017 05:40:51 sql=[ select * from user ] 
25.06.2017 05:40:52 sql=[ select * from user ] 
25.06.2017 05:40:53 sql=[ select * from dmsanpham] 
25.06.2017 05:40:58 sql=[ select * from user ] 
25.06.2017 05:40:59 sql=[ select * from dmsanpham] 
25.06.2017 05:41:19 sql=[ select * from dmsanpham] 
25.06.2017 05:57:39 sql=[ select * from dmsanpham] 
25.06.2017 05:57:40 sql=[ select * from dmsanpham] 
25.06.2017 05:58:33 sql=[SELECT * FROM sanpham  INNER JOIN dmsanpham ON sanpham.id_dm=dmsanpham.id_dm ORDER BY id_sp DESC
      LIMIT 0, 10] 
25.06.2017 05:58:33 sql=[SELECT * FROM sanpham] 
25.06.2017 06:04:18 sql=[SELECT * FROM sanpham  INNER JOIN dmsanpham ON sanpham.id_dm=dmsanpham.id_dm ORDER BY id_sp DESC
      LIMIT 0, 10] 
25.06.2017 06:04:18 sql=[SELECT * FROM sanpham] 
25.06.2017 06:04:21 sql=[SELECT * FROM sanpham  INNER JOIN dmsanpham ON sanpham.id_dm=dmsanpham.id_dm ORDER BY id_sp DESC
      LIMIT 0, 10] 
25.06.2017 06:04:21 sql=[SELECT * FROM sanpham] 
25.06.2017 06:23:29 sql=[ select * from dmsanpham] 
25.06.2017 06:23:30 sql=[ select * from dmsanpham] 
25.06.2017 06:23:32 sql=[ select * from user ] 
25.06.2017 06:24:12 sql=[ select * from user ] 
25.06.2017 06:24:22 sql=[ select * from dmsanpham] 
25.06.2017 06:24:26 sql=[ select * from user ] 
25.06.2017 06:25:28 sql=[ select * from user ] 
25.06.2017 06:27:30 sql=[ select * from user ] 
25.06.2017 06:28:49 sql=[ select * from user ] 
25.06.2017 06:28:50 sql=[ select * from user ] 
25.06.2017 06:28:51 sql=[ select * from dmsanpham] 
25.06.2017 06:30:03 sql=[ select * from dmsanpham] 
25.06.2017 06:30:10 sql=[ select * from user ] 
25.06.2017 06:30:13 sql=[ select * from dmsanpham] 
25.06.2017 06:30:19 sql=[ select * from user ] 
25.06.2017 06:32:07 sql=[ select * from dmsanpham] 
25.06.2017 06:43:06 sql=[SELECT * FROM sanpham  INNER JOIN dmsanpham ON sanpham.id_dm=dmsanpham.id_dm ORDER BY id_sp DESC
      LIMIT 0, 10] 
25.06.2017 06:43:06 sql=[SELECT * FROM sanpham] 
25.06.2017 06:43:54 sql=[SELECT * FROM sanpham  INNER JOIN dmsanpham ON sanpham.id_dm=dmsanpham.id_dm ORDER BY id_sp DESC
      LIMIT 0, 10] 
25.06.2017 06:43:54 sql=[SELECT * FROM sanpham] 
25.06.2017 06:43:55 sql=[SELECT * FROM sanpham  INNER JOIN dmsanpham ON sanpham.id_dm=dmsanpham.id_dm ORDER BY id_sp DESC
      LIMIT 0, 10] 
25.06.2017 06:43:55 sql=[SELECT * FROM sanpham] 
25.06.2017 06:47:41 sql=[SELECT * FROM sanpham  INNER JOIN dmsanpham ON sanpham.id_dm=dmsanpham.id_dm ORDER BY id_sp DESC
      LIMIT 0, 10] 
25.06.2017 06:47:41 sql=[SELECT * FROM sanpham] 
25.06.2017 06:49:19 sql=[ select * from dmsanpham] 
25.06.2017 06:49:20 sql=[ select * from dmsanpham] 
25.06.2017 06:49:22 sql=[ select * from dmsanpham] 
25.06.2017 06:49:24 sql=[ select * from dmsanpham] 
25.06.2017 06:49:27 sql=[ select * from dmsanpham] 
25.06.2017 06:49:30 sql=[ select * from dmsanpham] 
25.06.2017 06:49:31 sql=[ select * from dmsanpham] 
25.06.2017 06:49:46 sql=[ select * from dmsanpham] 
25.06.2017 06:49:47 sql=[SELECT * FROM sanpham  INNER JOIN dmsanpham ON sanpham.id_dm=dmsanpham.id_dm ORDER BY id_sp DESC
      LIMIT 0, 10] 
25.06.2017 06:49:47 sql=[SELECT * FROM sanpham] 
25.06.2017 06:51:18 sql=[ select * from user ] 
25.06.2017 06:51:19 sql=[ select * from dmsanpham] 
25.06.2017 06:51:22 sql=[SELECT * FROM sanpham  INNER JOIN dmsanpham ON sanpham.id_dm=dmsanpham.id_dm ORDER BY id_sp DESC
      LIMIT 0, 10] 
25.06.2017 06:51:22 sql=[SELECT * FROM sanpham] 
25.06.2017 06:51:23 sql=[ select * from dmsanpham] 
25.06.2017 06:53:28 sql=[ select * from dmsanpham] 
25.06.2017 06:56:16 sql=[SELECT * FROM sanpham  INNER JOIN dmsanpham ON sanpham.id_dm=dmsanpham.id_dm ORDER BY id_sp DESC
      LIMIT 0, 10] 
25.06.2017 06:56:16 sql=[SELECT * FROM sanpham] 
25.06.2017 06:56:22 sql=[ select * from dmsanpham] 
25.06.2017 06:56:23 sql=[ select * from user ] 
25.06.2017 06:56:25 sql=[ select * from dmsanpham] 
25.06.2017 06:56:29 sql=[SELECT * FROM sanpham  INNER JOIN dmsanpham ON sanpham.id_dm=dmsanpham.id_dm ORDER BY id_sp DESC
      LIMIT 0, 10] 
25.06.2017 06:56:29 sql=[SELECT * FROM sanpham] 
25.06.2017 06:58:17 sql=[SELECT * FROM sanpham  INNER JOIN dmsanpham ON sanpham.id_dm=dmsanpham.id_dm ORDER BY id_sp DESC
      LIMIT 0, 10] 
25.06.2017 06:58:17 sql=[SELECT * FROM sanpham] 
25.06.2017 07:04:27 sql=[ select * from user ] 
25.06.2017 07:04:29 sql=[ select * from dmsanpham] 
25.06.2017 07:04:32 sql=[ select * from user ] 
25.06.2017 07:04:35 sql=[ select * from user ] 
25.06.2017 07:04:36 sql=[ select * from dmsanpham] 
25.06.2017 07:04:38 sql=[SELECT * FROM sanpham  INNER JOIN dmsanpham ON sanpham.id_dm=dmsanpham.id_dm ORDER BY id_sp DESC
      LIMIT 0, 10] 
25.06.2017 07:04:38 sql=[SELECT * FROM sanpham] 
25.06.2017 07:04:45 sql=[ select * from user ] 
